Build started 2013-06-09 18:58:55.
     1>Project "D:\Studia\Semestr II\PO\sktd\sktd\sktd.vcxproj" on node 2 (Build target(s)).
     1>InitializeBuildStatus:
         Creating "Debug\sktd.unsuccessfulbuild" because "AlwaysCreate" was specified.
       ClCompile:
         D:\Programy\Microsoft Visual Studio 11.0\VC\bin\CL.exe /c /ID:\sfml\debug\SFML\include /ZI /nologo /W3 /WX- /Od /Oy- /D SFML_STATIC /D WIN32 /D _DEBUG /D _CONSOLE /D _UNICODE /D UNICODE /Gm /EHsc /RTC1 /MDd /GS /fp:precise /Zc:wchar_t /Zc:forScope /Fo"Debug\\" /Fd"Debug\vc110.pdb" /Gd /TP /analyze- /errorReport:prompt map.cpp mob.cpp projectile.cpp tower.cpp tower2.cpp
         tower2.cpp
     1>d:\studia\semestr ii\po\sktd\sktd\tower2.cpp(8): warning C4244: 'argument' : conversion from 'double' to 'float', possible loss of data
     1>d:\studia\semestr ii\po\sktd\sktd\tower2.cpp(49): warning C4244: 'argument' : conversion from 'double' to 'float', possible loss of data
         mob.cpp
     1>d:\studia\semestr ii\po\sktd\sktd\mob.cpp(23): warning C4244: 'argument' : conversion from 'double' to 'float', possible loss of data
     1>d:\studia\semestr ii\po\sktd\sktd\mob.cpp(26): warning C4244: 'argument' : conversion from 'double' to 'float', possible loss of data
     1>d:\studia\semestr ii\po\sktd\sktd\mob.cpp(29): warning C4244: 'argument' : conversion from 'double' to 'float', possible loss of data
     1>d:\studia\semestr ii\po\sktd\sktd\mob.cpp(32): warning C4244: 'argument' : conversion from 'double' to 'float', possible loss of data
     1>d:\studia\semestr ii\po\sktd\sktd\mob.cpp(39): warning C4244: 'argument' : conversion from 'double' to 'float', possible loss of data
         Generating Code...
         Skipping... (no relevant changes detected)
         tower.cpp
         projectile.cpp
         map.cpp
       Link:
         D:\Programy\Microsoft Visual Studio 11.0\VC\bin\link.exe /ERRORREPORT:PROMPT /OUT:"D:\Studia\Semestr II\PO\sktd\Debug\sktd.exe" /INCREMENTAL /NOLOGO /LIBPATH:D:\sfml\debug\SFML\lib "sfml-system-s-d.lib" "sfml-window-s-d.lib" "sfml-graphics-s-d.lib" "sfml-main-d.lib" "sfml-network-s-d.lib" "sfml-audio-s-d.lib" kernel32.lib user32.lib gdi32.lib winspool.lib comdlg32.lib advapi32.lib shell32.lib ole32.lib oleaut32.lib uuid.lib odbc32.lib odbccp32.lib /MANIFEST /MANIFESTUAC:"level='asInvoker' uiAccess='false'" /manifest:embed /DEBUG /PDB:"D:\Studia\Semestr II\PO\sktd\Debug\sktd.pdb" /SUBSYSTEM:WINDOWS /TLBID:1 /DYNAMICBASE /NXCOMPAT /IMPLIB:"D:\Studia\Semestr II\PO\sktd\Debug\sktd.lib" /MACHINE:X86 Debug\button.obj
         Debug\drawable.obj
         Debug\game_engine.obj
         Debug\game_window.obj
         Debug\main.obj
         Debug\map.obj
         Debug\menu.obj
         Debug\mob.obj
         Debug\mob1.obj
         Debug\player_console.obj
         Debug\projectile.obj
         Debug\Projectile1.obj
         Debug\Projectile2.obj
         Debug\tile.obj
         Debug\tower.obj
         Debug\tower1.obj
         Debug\tower2.obj
         Debug\window.obj
         sktd.vcxproj -> D:\Studia\Semestr II\PO\sktd\Debug\sktd.exe
       FinalizeBuildStatus:
         Deleting file "Debug\sktd.unsuccessfulbuild".
         Touching "Debug\sktd.lastbuildstate".
     1>Done Building Project "D:\Studia\Semestr II\PO\sktd\sktd\sktd.vcxproj" (Build target(s)).

Build succeeded.

Time Elapsed 00:00:03.14
